2022-01-15 10:47:24,016:INFO:PyCaret Supervised Module
2022-01-15 10:47:24,017:INFO:ML Usecase: classification
2022-01-15 10:47:24,018:INFO:version 2.3.6
2022-01-15 10:47:24,018:INFO:Initializing setup()
2022-01-15 10:47:24,019:INFO:setup(target=turnover, ml_usecase=classification, available_plots={'parameter': 'Hyperparameters', 'auc': 'AUC', 'confusion_matrix': 'Confusion Matrix', 'threshold': 'Threshold', 'pr': 'Precision Recall', 'error': 'Prediction Error', 'class_report': 'Class Report', 'rfe': 'Feature Selection', 'learning': 'Learning Curve', 'manifold': 'Manifold Learning', 'calibration': 'Calibration Curve', 'vc': 'Validation Curve', 'dimension': 'Dimensions', 'feature': 'Feature Importance', 'feature_all': 'Feature Importance (All)', 'boundary': 'Decision Boundary', 'lift': 'Lift Chart', 'gain': 'Gain Chart', 'tree': 'Decision Tree', 'ks': 'KS Statistic Plot'}, train_size=0.7, test_data=None, preprocess=True, imputation_type=simple, iterative_imputation_iters=5, categorical_features=None, categorical_imputation=constant, categorical_iterative_imputer=lightgbm, ordinal_features=None, high_cardinality_features=None, high_cardinality_method=frequency, numeric_features=['yearsAtCompany'], numeric_imputation=mean, numeric_iterative_imputer=lightgbm, date_features=None, ignore_features=None, normalize=True, normalize_method=minmax, transformation=False, transformation_method=yeo-johnson, handle_unknown_categorical=True, unknown_categorical_method=least_frequent, pca=False, pca_method=linear, pca_components=None, ignore_low_variance=False, combine_rare_levels=False, rare_level_threshold=0.1, bin_numeric_features=None, remove_outliers=False, outliers_threshold=0.05, remove_multicollinearity=False, multicollinearity_threshold=0.9, remove_perfect_collinearity=True, create_clusters=False, cluster_iter=20, polynomial_features=False, polynomial_degree=2, trigonometry_features=False, polynomial_threshold=0.1, group_features=None, group_names=None, feature_selection=False, feature_selection_threshold=0.8, feature_selection_method=classic, feature_interaction=False, feature_ratio=False, interaction_threshold=0.01, fix_imbalance=True, fix_imbalance_method=None, transform_target=False, transform_target_method=box-cox, data_split_shuffle=True, data_split_stratify=True, fold_strategy=stratifiedkfold, fold=10, fold_shuffle=False, fold_groups=None, n_jobs=-1, use_gpu=False, custom_pipeline=None, html=True, session_id=None, log_experiment=False, experiment_name=None, log_plots=False, log_profile=False, log_data=False, silent=False, verbose=True, profile=False, profile_kwargs=None, display=None)
2022-01-15 10:47:24,020:INFO:Checking environment
2022-01-15 10:47:24,020:INFO:python_version: 3.7.11
2022-01-15 10:47:24,020:INFO:python_build: ('default', 'Jul 27 2021 09:42:29')
2022-01-15 10:47:24,020:INFO:machine: AMD64
2022-01-15 10:47:24,021:INFO:platform: Windows-10-10.0.19041-SP0
2022-01-15 10:47:24,021:INFO:Memory: svmem(total=4173021184, available=487800832, percent=88.3, used=3685220352, free=487800832)
2022-01-15 10:47:24,021:INFO:Physical Core: 2
2022-01-15 10:47:24,022:INFO:Logical Core: 4
2022-01-15 10:47:24,022:INFO:Checking libraries
2022-01-15 10:47:24,022:INFO:pd==1.3.5
2022-01-15 10:47:24,023:INFO:numpy==1.21.2
2022-01-15 10:47:24,023:INFO:sklearn==1.0.2
2022-01-15 10:51:32,381:INFO:PyCaret Supervised Module
2022-01-15 10:51:32,390:INFO:ML Usecase: classification
2022-01-15 10:51:32,391:INFO:version 2.3.6
2022-01-15 10:51:32,391:INFO:Initializing setup()
2022-01-15 10:51:32,392:INFO:setup(target=turnover, ml_usecase=classification, available_plots={'parameter': 'Hyperparameters', 'auc': 'AUC', 'confusion_matrix': 'Confusion Matrix', 'threshold': 'Threshold', 'pr': 'Precision Recall', 'error': 'Prediction Error', 'class_report': 'Class Report', 'rfe': 'Feature Selection', 'learning': 'Learning Curve', 'manifold': 'Manifold Learning', 'calibration': 'Calibration Curve', 'vc': 'Validation Curve', 'dimension': 'Dimensions', 'feature': 'Feature Importance', 'feature_all': 'Feature Importance (All)', 'boundary': 'Decision Boundary', 'lift': 'Lift Chart', 'gain': 'Gain Chart', 'tree': 'Decision Tree', 'ks': 'KS Statistic Plot'}, train_size=0.7, test_data=None, preprocess=True, imputation_type=simple, iterative_imputation_iters=5, categorical_features=None, categorical_imputation=constant, categorical_iterative_imputer=lightgbm, ordinal_features=None, high_cardinality_features=None, high_cardinality_method=frequency, numeric_features=['yearsAtCompany'], numeric_imputation=mean, numeric_iterative_imputer=lightgbm, date_features=None, ignore_features=None, normalize=True, normalize_method=minmax, transformation=False, transformation_method=yeo-johnson, handle_unknown_categorical=True, unknown_categorical_method=least_frequent, pca=False, pca_method=linear, pca_components=None, ignore_low_variance=False, combine_rare_levels=False, rare_level_threshold=0.1, bin_numeric_features=None, remove_outliers=False, outliers_threshold=0.05, remove_multicollinearity=False, multicollinearity_threshold=0.9, remove_perfect_collinearity=True, create_clusters=False, cluster_iter=20, polynomial_features=False, polynomial_degree=2, trigonometry_features=False, polynomial_threshold=0.1, group_features=None, group_names=None, feature_selection=False, feature_selection_threshold=0.8, feature_selection_method=classic, feature_interaction=False, feature_ratio=False, interaction_threshold=0.01, fix_imbalance=True, fix_imbalance_method=None, transform_target=False, transform_target_method=box-cox, data_split_shuffle=True, data_split_stratify=True, fold_strategy=stratifiedkfold, fold=10, fold_shuffle=False, fold_groups=None, n_jobs=-1, use_gpu=False, custom_pipeline=None, html=True, session_id=None, log_experiment=False, experiment_name=None, log_plots=False, log_profile=False, log_data=False, silent=False, verbose=True, profile=False, profile_kwargs=None, display=None)
2022-01-15 10:51:32,393:INFO:Checking environment
2022-01-15 10:51:32,394:INFO:python_version: 3.7.11
2022-01-15 10:51:32,395:INFO:python_build: ('default', 'Jul 27 2021 09:42:29')
2022-01-15 10:51:32,395:INFO:machine: AMD64
2022-01-15 10:51:32,396:INFO:platform: Windows-10-10.0.19041-SP0
2022-01-15 10:51:32,397:INFO:Memory: svmem(total=4173021184, available=408432640, percent=90.2, used=3764588544, free=408432640)
2022-01-15 10:51:32,398:INFO:Physical Core: 2
2022-01-15 10:51:32,398:INFO:Logical Core: 4
2022-01-15 10:51:32,398:INFO:Checking libraries
2022-01-15 10:51:32,399:INFO:pd==1.3.5
2022-01-15 10:51:32,400:INFO:numpy==1.21.2
2022-01-15 10:51:32,400:INFO:sklearn==1.0.2
2022-01-15 12:46:55,562:INFO:PyCaret Supervised Module
2022-01-15 12:46:55,570:INFO:ML Usecase: classification
2022-01-15 12:46:55,570:INFO:version 2.3.6
2022-01-15 12:46:55,571:INFO:Initializing setup()
2022-01-15 12:46:55,571:INFO:setup(target=turnover, ml_usecase=classification, available_plots={'parameter': 'Hyperparameters', 'auc': 'AUC', 'confusion_matrix': 'Confusion Matrix', 'threshold': 'Threshold', 'pr': 'Precision Recall', 'error': 'Prediction Error', 'class_report': 'Class Report', 'rfe': 'Feature Selection', 'learning': 'Learning Curve', 'manifold': 'Manifold Learning', 'calibration': 'Calibration Curve', 'vc': 'Validation Curve', 'dimension': 'Dimensions', 'feature': 'Feature Importance', 'feature_all': 'Feature Importance (All)', 'boundary': 'Decision Boundary', 'lift': 'Lift Chart', 'gain': 'Gain Chart', 'tree': 'Decision Tree', 'ks': 'KS Statistic Plot'}, train_size=0.7, test_data=None, preprocess=True, imputation_type=simple, iterative_imputation_iters=5, categorical_features=None, categorical_imputation=constant, categorical_iterative_imputer=lightgbm, ordinal_features=None, high_cardinality_features=None, high_cardinality_method=frequency, numeric_features=['yearsAtCompany'], numeric_imputation=mean, numeric_iterative_imputer=lightgbm, date_features=None, ignore_features=None, normalize=True, normalize_method=minmax, transformation=False, transformation_method=yeo-johnson, handle_unknown_categorical=True, unknown_categorical_method=least_frequent, pca=False, pca_method=linear, pca_components=None, ignore_low_variance=False, combine_rare_levels=False, rare_level_threshold=0.1, bin_numeric_features=None, remove_outliers=False, outliers_threshold=0.05, remove_multicollinearity=False, multicollinearity_threshold=0.9, remove_perfect_collinearity=True, create_clusters=False, cluster_iter=20, polynomial_features=False, polynomial_degree=2, trigonometry_features=False, polynomial_threshold=0.1, group_features=None, group_names=None, feature_selection=False, feature_selection_threshold=0.8, feature_selection_method=classic, feature_interaction=False, feature_ratio=False, interaction_threshold=0.01, fix_imbalance=True, fix_imbalance_method=None, transform_target=False, transform_target_method=box-cox, data_split_shuffle=True, data_split_stratify=True, fold_strategy=stratifiedkfold, fold=10, fold_shuffle=False, fold_groups=None, n_jobs=-1, use_gpu=False, custom_pipeline=None, html=True, session_id=None, log_experiment=False, experiment_name=None, log_plots=False, log_profile=False, log_data=False, silent=False, verbose=True, profile=False, profile_kwargs=None, display=None)
2022-01-15 12:46:55,573:INFO:Checking environment
2022-01-15 12:46:55,575:INFO:python_version: 3.7.11
2022-01-15 12:46:55,576:INFO:python_build: ('default', 'Jul 27 2021 09:42:29')
2022-01-15 12:46:55,576:INFO:machine: AMD64
2022-01-15 12:46:55,577:INFO:platform: Windows-10-10.0.19041-SP0
2022-01-15 12:46:55,582:INFO:Memory: svmem(total=4173021184, available=644251648, percent=84.6, used=3528769536, free=644251648)
2022-01-15 12:46:55,584:INFO:Physical Core: 2
2022-01-15 12:46:55,584:INFO:Logical Core: 4
2022-01-15 12:46:55,584:INFO:Checking libraries
2022-01-15 12:46:55,584:INFO:pd==1.3.5
2022-01-15 12:46:55,585:INFO:numpy==1.21.2
2022-01-15 12:46:55,585:INFO:sklearn==1.0.2
2022-01-15 12:51:49,486:INFO:PyCaret Supervised Module
2022-01-15 12:51:49,486:INFO:ML Usecase: classification
2022-01-15 12:51:49,488:INFO:version 2.3.6
2022-01-15 12:51:49,488:INFO:Initializing setup()
2022-01-15 12:51:49,491:INFO:setup(target=turnover, ml_usecase=classification, available_plots={'parameter': 'Hyperparameters', 'auc': 'AUC', 'confusion_matrix': 'Confusion Matrix', 'threshold': 'Threshold', 'pr': 'Precision Recall', 'error': 'Prediction Error', 'class_report': 'Class Report', 'rfe': 'Feature Selection', 'learning': 'Learning Curve', 'manifold': 'Manifold Learning', 'calibration': 'Calibration Curve', 'vc': 'Validation Curve', 'dimension': 'Dimensions', 'feature': 'Feature Importance', 'feature_all': 'Feature Importance (All)', 'boundary': 'Decision Boundary', 'lift': 'Lift Chart', 'gain': 'Gain Chart', 'tree': 'Decision Tree', 'ks': 'KS Statistic Plot'}, train_size=0.7, test_data=None, preprocess=True, imputation_type=simple, iterative_imputation_iters=5, categorical_features=None, categorical_imputation=constant, categorical_iterative_imputer=lightgbm, ordinal_features=None, high_cardinality_features=None, high_cardinality_method=frequency, numeric_features=['yearsAtCompany'], numeric_imputation=mean, numeric_iterative_imputer=lightgbm, date_features=None, ignore_features=None, normalize=True, normalize_method=minmax, transformation=False, transformation_method=yeo-johnson, handle_unknown_categorical=True, unknown_categorical_method=least_frequent, pca=False, pca_method=linear, pca_components=None, ignore_low_variance=False, combine_rare_levels=False, rare_level_threshold=0.1, bin_numeric_features=None, remove_outliers=False, outliers_threshold=0.05, remove_multicollinearity=False, multicollinearity_threshold=0.9, remove_perfect_collinearity=True, create_clusters=False, cluster_iter=20, polynomial_features=False, polynomial_degree=2, trigonometry_features=False, polynomial_threshold=0.1, group_features=None, group_names=None, feature_selection=False, feature_selection_threshold=0.8, feature_selection_method=classic, feature_interaction=False, feature_ratio=False, interaction_threshold=0.01, fix_imbalance=True, fix_imbalance_method=None, transform_target=False, transform_target_method=box-cox, data_split_shuffle=True, data_split_stratify=True, fold_strategy=stratifiedkfold, fold=10, fold_shuffle=False, fold_groups=None, n_jobs=-1, use_gpu=False, custom_pipeline=None, html=True, session_id=None, log_experiment=False, experiment_name=None, log_plots=False, log_profile=False, log_data=False, silent=False, verbose=True, profile=False, profile_kwargs=None, display=None)
2022-01-15 12:51:49,492:INFO:Checking environment
2022-01-15 12:51:49,493:INFO:python_version: 3.7.11
2022-01-15 12:51:49,493:INFO:python_build: ('default', 'Jul 27 2021 09:42:29')
2022-01-15 12:51:49,493:INFO:machine: AMD64
2022-01-15 12:51:49,494:INFO:platform: Windows-10-10.0.19041-SP0
2022-01-15 12:51:49,494:INFO:Memory: svmem(total=4173021184, available=658116608, percent=84.2, used=3514904576, free=658116608)
2022-01-15 12:51:49,495:INFO:Physical Core: 2
2022-01-15 12:51:49,496:INFO:Logical Core: 4
2022-01-15 12:51:49,496:INFO:Checking libraries
2022-01-15 12:51:49,496:INFO:pd==1.3.5
2022-01-15 12:51:49,497:INFO:numpy==1.21.2
2022-01-15 12:51:49,497:INFO:sklearn==1.0.2
2022-01-15 12:56:39,795:INFO:PyCaret Supervised Module
2022-01-15 12:56:39,796:INFO:ML Usecase: classification
2022-01-15 12:56:39,797:INFO:version 2.3.6
2022-01-15 12:56:39,797:INFO:Initializing setup()
2022-01-15 12:56:39,798:INFO:setup(target=turnover, ml_usecase=classification, available_plots={'parameter': 'Hyperparameters', 'auc': 'AUC', 'confusion_matrix': 'Confusion Matrix', 'threshold': 'Threshold', 'pr': 'Precision Recall', 'error': 'Prediction Error', 'class_report': 'Class Report', 'rfe': 'Feature Selection', 'learning': 'Learning Curve', 'manifold': 'Manifold Learning', 'calibration': 'Calibration Curve', 'vc': 'Validation Curve', 'dimension': 'Dimensions', 'feature': 'Feature Importance', 'feature_all': 'Feature Importance (All)', 'boundary': 'Decision Boundary', 'lift': 'Lift Chart', 'gain': 'Gain Chart', 'tree': 'Decision Tree', 'ks': 'KS Statistic Plot'}, train_size=0.7, test_data=None, preprocess=True, imputation_type=simple, iterative_imputation_iters=5, categorical_features=None, categorical_imputation=constant, categorical_iterative_imputer=lightgbm, ordinal_features=None, high_cardinality_features=None, high_cardinality_method=frequency, numeric_features=['yearsAtCompany'], numeric_imputation=mean, numeric_iterative_imputer=lightgbm, date_features=None, ignore_features=None, normalize=True, normalize_method=minmax, transformation=False, transformation_method=yeo-johnson, handle_unknown_categorical=True, unknown_categorical_method=least_frequent, pca=False, pca_method=linear, pca_components=None, ignore_low_variance=False, combine_rare_levels=False, rare_level_threshold=0.1, bin_numeric_features=None, remove_outliers=False, outliers_threshold=0.05, remove_multicollinearity=False, multicollinearity_threshold=0.9, remove_perfect_collinearity=True, create_clusters=False, cluster_iter=20, polynomial_features=False, polynomial_degree=2, trigonometry_features=False, polynomial_threshold=0.1, group_features=None, group_names=None, feature_selection=False, feature_selection_threshold=0.8, feature_selection_method=classic, feature_interaction=False, feature_ratio=False, interaction_threshold=0.01, fix_imbalance=True, fix_imbalance_method=None, transform_target=False, transform_target_method=box-cox, data_split_shuffle=True, data_split_stratify=True, fold_strategy=stratifiedkfold, fold=10, fold_shuffle=False, fold_groups=None, n_jobs=-1, use_gpu=False, custom_pipeline=None, html=True, session_id=None, log_experiment=False, experiment_name=None, log_plots=False, log_profile=False, log_data=False, silent=False, verbose=True, profile=False, profile_kwargs=None, display=None)
2022-01-15 12:56:39,798:INFO:Checking environment
2022-01-15 12:56:39,799:INFO:python_version: 3.7.11
2022-01-15 12:56:39,799:INFO:python_build: ('default', 'Jul 27 2021 09:42:29')
2022-01-15 12:56:39,800:INFO:machine: AMD64
2022-01-15 12:56:39,800:INFO:platform: Windows-10-10.0.19041-SP0
2022-01-15 12:56:39,801:INFO:Memory: svmem(total=4173021184, available=461918208, percent=88.9, used=3711102976, free=461918208)
2022-01-15 12:56:39,802:INFO:Physical Core: 2
2022-01-15 12:56:39,802:INFO:Logical Core: 4
2022-01-15 12:56:39,803:INFO:Checking libraries
2022-01-15 12:56:39,803:INFO:pd==1.3.5
2022-01-15 12:56:39,803:INFO:numpy==1.21.2
2022-01-15 12:56:39,804:INFO:sklearn==1.0.2
2022-01-15 13:07:30,294:INFO:PyCaret Supervised Module
2022-01-15 13:07:30,295:INFO:ML Usecase: classification
2022-01-15 13:07:30,296:INFO:version 2.3.6
2022-01-15 13:07:30,297:INFO:Initializing setup()
2022-01-15 13:07:30,297:INFO:setup(target=turnover, ml_usecase=classification, available_plots={'parameter': 'Hyperparameters', 'auc': 'AUC', 'confusion_matrix': 'Confusion Matrix', 'threshold': 'Threshold', 'pr': 'Precision Recall', 'error': 'Prediction Error', 'class_report': 'Class Report', 'rfe': 'Feature Selection', 'learning': 'Learning Curve', 'manifold': 'Manifold Learning', 'calibration': 'Calibration Curve', 'vc': 'Validation Curve', 'dimension': 'Dimensions', 'feature': 'Feature Importance', 'feature_all': 'Feature Importance (All)', 'boundary': 'Decision Boundary', 'lift': 'Lift Chart', 'gain': 'Gain Chart', 'tree': 'Decision Tree', 'ks': 'KS Statistic Plot'}, train_size=0.7, test_data=None, preprocess=True, imputation_type=simple, iterative_imputation_iters=5, categorical_features=None, categorical_imputation=constant, categorical_iterative_imputer=lightgbm, ordinal_features=None, high_cardinality_features=None, high_cardinality_method=frequency, numeric_features=['yearsAtCompany'], numeric_imputation=mean, numeric_iterative_imputer=lightgbm, date_features=None, ignore_features=None, normalize=True, normalize_method=minmax, transformation=False, transformation_method=yeo-johnson, handle_unknown_categorical=True, unknown_categorical_method=least_frequent, pca=False, pca_method=linear, pca_components=None, ignore_low_variance=False, combine_rare_levels=False, rare_level_threshold=0.1, bin_numeric_features=None, remove_outliers=False, outliers_threshold=0.05, remove_multicollinearity=False, multicollinearity_threshold=0.9, remove_perfect_collinearity=True, create_clusters=False, cluster_iter=20, polynomial_features=False, polynomial_degree=2, trigonometry_features=False, polynomial_threshold=0.1, group_features=None, group_names=None, feature_selection=False, feature_selection_threshold=0.8, feature_selection_method=classic, feature_interaction=False, feature_ratio=False, interaction_threshold=0.01, fix_imbalance=True, fix_imbalance_method=None, transform_target=False, transform_target_method=box-cox, data_split_shuffle=True, data_split_stratify=True, fold_strategy=stratifiedkfold, fold=10, fold_shuffle=False, fold_groups=None, n_jobs=-1, use_gpu=False, custom_pipeline=None, html=True, session_id=None, log_experiment=False, experiment_name=None, log_plots=False, log_profile=False, log_data=False, silent=False, verbose=True, profile=False, profile_kwargs=None, display=None)
2022-01-15 13:07:30,297:INFO:Checking environment
2022-01-15 13:07:30,298:INFO:python_version: 3.7.11
2022-01-15 13:07:30,298:INFO:python_build: ('default', 'Jul 27 2021 09:42:29')
2022-01-15 13:07:30,298:INFO:machine: AMD64
2022-01-15 13:07:30,299:INFO:platform: Windows-10-10.0.19041-SP0
2022-01-15 13:07:30,299:INFO:Memory: svmem(total=4173021184, available=417808384, percent=90.0, used=3755212800, free=417808384)
2022-01-15 13:07:30,299:INFO:Physical Core: 2
2022-01-15 13:07:30,300:INFO:Logical Core: 4
2022-01-15 13:07:30,300:INFO:Checking libraries
2022-01-15 13:07:30,305:INFO:pd==1.3.5
2022-01-15 13:07:30,305:INFO:numpy==1.19.5
2022-01-15 13:07:30,306:INFO:sklearn==0.23.2
2022-01-15 13:07:30,306:INFO:lightgbm==3.3.2
2022-01-15 13:07:30,651:INFO:catboost==1.0.4
2022-01-15 13:07:30,927:INFO:xgboost==1.5.1
2022-01-15 13:07:33,640:INFO:mlflow==1.22.0
2022-01-15 13:07:33,641:INFO:Checking Exceptions
2022-01-15 13:07:33,642:INFO:Declaring global variables
2022-01-15 13:07:33,642:INFO:USI: f0b3
2022-01-15 13:07:33,642:INFO:pycaret_globals: {'imputation_classifier', 'data_before_preprocess', 'pycaret_globals', '_all_metrics', 'experiment__', 'fold_groups_param', 'seed', 'display_container', 'gpu_param', 'USI', '_internal_pipeline', 'n_jobs_param', 'stratify_param', 'X', 'target_param', 'transform_target_param', 'exp_name_log', 'html_param', '_all_models_internal', 'X_train', 'fix_imbalance_param', '_available_plots', 'create_model_container', 'fold_groups_param_full', 'iterative_imputation_iters_param', 'logging_param', 'y_test', 'prep_pipe', 'fold_generator', 'fold_param', 'y_train', 'imputation_regressor', 'master_model_container', 'fold_shuffle_param', 'transform_target_method_param', 'y', '_ml_usecase', 'log_plots_param', 'fix_imbalance_method_param', 'X_test', '_all_models', '_gpu_n_jobs_param'}
2022-01-15 13:07:33,643:INFO:Preparing display monitor
2022-01-15 13:07:33,643:INFO:Preparing display monitor
2022-01-15 13:07:33,710:INFO:Importing libraries
2022-01-15 13:07:33,711:INFO:Copying data for preprocessing
2022-01-15 13:07:33,753:INFO:Declaring preprocessing parameters
2022-01-15 13:07:33,760:INFO:Creating preprocessing pipeline
2022-01-15 13:07:33,799:INFO:Preprocessing pipeline created successfully
2022-01-15 13:07:33,800:ERROR:(Process Exit): setup has been interupted with user command 'quit'. setup must rerun.
2022-01-15 13:07:33,801:INFO:Creating global containers
2022-01-15 13:07:33,806:INFO:Internal pipeline: Pipeline(memory=None,
         steps=[('fix_imbalance',
                 SMOTE(k_neighbors=5, n_jobs=None, random_state=1440,
                       sampling_strategy='auto'))],
         verbose=False)
2022-01-15 13:07:48,751:INFO:Creating grid variables
2022-01-15 13:07:48,833:INFO:create_model_container: 0
2022-01-15 13:07:48,835:INFO:master_model_container: 0
2022-01-15 13:07:48,836:INFO:display_container: 1
2022-01-15 13:07:48,867:INFO:Pipeline(memory=None,
         steps=[('dtypes',
                 DataTypes_Auto_infer(categorical_features=[],
                                      display_types=True, features_todrop=[],
                                      id_columns=[],
                                      ml_usecase='classification',
                                      numerical_features=['yearsAtCompany'],
                                      target='turnover', time_features=[])),
                ('imputer',
                 Simple_Imputer(categorical_strategy='not_available',
                                fill_value_categorical=None,
                                fill_value_numerical=...
                ('P_transform', 'passthrough'), ('binn', 'passthrough'),
                ('rem_outliers', 'passthrough'), ('cluster_all', 'passthrough'),
                ('dummy', Dummify(target='turnover')),
                ('fix_perfect', Remove_100(target='turnover')),
                ('clean_names', Clean_Colum_Names()),
                ('feature_select', 'passthrough'), ('fix_multi', 'passthrough'),
                ('dfs', 'passthrough'), ('pca', 'passthrough')],
         verbose=False)
2022-01-15 13:07:48,867:INFO:setup() succesfully completed......................................
2022-01-15 13:07:49,157:INFO:Initializing compare_models()
2022-01-15 13:07:49,158:INFO:compare_models(include=None, fold=5, round=4, cross_validation=True, sort=AUC, n_select=1, budget_time=None, turbo=True, errors=ignore, fit_kwargs=None, groups=None, probability_threshold=None, verbose=True, display=None, exclude=None)
2022-01-15 13:07:49,159:INFO:Checking exceptions
2022-01-15 13:07:49,162:INFO:Preparing display monitor
2022-01-15 13:07:49,163:INFO:Preparing display monitor
2022-01-15 13:07:49,336:INFO:Initializing Logistic Regression
2022-01-15 13:07:49,340:INFO:Total runtime is 6.680885950724283e-05 minutes
2022-01-15 13:07:49,417:INFO:SubProcess create_model() called ==================================
2022-01-15 13:07:49,421:INFO:Initializing create_model()
2022-01-15 13:07:49,421:INFO:create_model(estimator=lr, fold=StratifiedKFold(n_splits=5, random_state=None, shuffle=False), round=4, cross_validation=True, predict=True, fit_kwargs={}, groups=None, refit=False, verbose=False, system=False, metrics=None, add_to_model_list=True, probability_threshold=None, display=<pycaret.internal.Display.Display object at 0x000002037A209588>, kwargs={})
2022-01-15 13:07:49,422:INFO:Checking exceptions
2022-01-15 13:07:49,423:INFO:Importing libraries
2022-01-15 13:07:49,423:INFO:Copying training dataset
2022-01-15 13:07:49,427:INFO:Defining folds
2022-01-15 13:07:49,428:INFO:Declaring metric variables
2022-01-15 13:07:49,475:INFO:Importing untrained model
2022-01-15 13:07:49,555:INFO:Logistic Regression Imported succesfully
2022-01-15 13:07:49,669:INFO:Starting cross validation
2022-01-15 13:07:49,672:INFO:Cross validating with StratifiedKFold(n_splits=5, random_state=None, shuffle=False), n_jobs=-1
2022-01-15 13:08:41,857:INFO:Calculating mean and std
2022-01-15 13:08:42,012:INFO:Creating metrics dataframe
2022-01-15 13:08:42,323:INFO:Uploading results into container
2022-01-15 13:08:42,324:INFO:Uploading model into container now
2022-01-15 13:08:42,326:INFO:create_model_container: 1
2022-01-15 13:08:42,327:INFO:master_model_container: 1
2022-01-15 13:08:42,328:INFO:display_container: 2
2022-01-15 13:08:42,353:INFO:LogisticRegression(C=1.0, class_weight=None, dual=False, fit_intercept=True,
                   intercept_scaling=1, l1_ratio=None, max_iter=1000,
                   multi_class='auto', n_jobs=None, penalty='l2',
                   random_state=1440, solver='lbfgs', tol=0.0001, verbose=0,
                   warm_start=False)
2022-01-15 13:08:42,354:INFO:create_model() succesfully completed......................................
2022-01-15 13:08:46,302:INFO:SubProcess create_model() end ==================================
2022-01-15 13:08:46,302:INFO:Creating metrics dataframe
2022-01-15 13:08:46,558:INFO:Initializing K Neighbors Classifier
2022-01-15 13:08:46,560:INFO:Total runtime is 0.9537440419197083 minutes
2022-01-15 13:08:46,627:INFO:SubProcess create_model() called ==================================
2022-01-15 13:08:46,629:INFO:Initializing create_model()
2022-01-15 13:08:46,631:INFO:create_model(estimator=knn, fold=StratifiedKFold(n_splits=5, random_state=None, shuffle=False), round=4, cross_validation=True, predict=True, fit_kwargs={}, groups=None, refit=False, verbose=False, system=False, metrics=None, add_to_model_list=True, probability_threshold=None, display=<pycaret.internal.Display.Display object at 0x000002037A209588>, kwargs={})
2022-01-15 13:08:46,632:INFO:Checking exceptions
2022-01-15 13:08:46,633:INFO:Importing libraries
2022-01-15 13:08:46,637:INFO:Copying training dataset
2022-01-15 13:08:46,644:INFO:Defining folds
2022-01-15 13:08:46,645:INFO:Declaring metric variables
2022-01-15 13:08:46,748:INFO:Importing untrained model
2022-01-15 13:08:46,820:INFO:K Neighbors Classifier Imported succesfully
2022-01-15 13:08:46,969:INFO:Starting cross validation
2022-01-15 13:08:46,973:INFO:Cross validating with StratifiedKFold(n_splits=5, random_state=None, shuffle=False), n_jobs=-1
2022-01-15 13:08:50,404:INFO:Calculating mean and std
2022-01-15 13:08:50,407:INFO:Creating metrics dataframe
2022-01-15 13:08:50,434:INFO:Uploading results into container
2022-01-15 13:08:50,435:INFO:Uploading model into container now
2022-01-15 13:08:50,435:INFO:create_model_container: 2
2022-01-15 13:08:50,436:INFO:master_model_container: 2
2022-01-15 13:08:50,436:INFO:display_container: 2
2022-01-15 13:08:50,438:INFO:KNeighborsClassifier(algorithm='auto', leaf_size=30, metric='minkowski',
                     metric_params=None, n_jobs=-1, n_neighbors=5, p=2,
                     weights='uniform')
2022-01-15 13:08:50,453:INFO:create_model() succesfully completed......................................
2022-01-15 13:08:50,707:INFO:SubProcess create_model() end ==================================
2022-01-15 13:08:50,710:INFO:Creating metrics dataframe
2022-01-15 13:08:50,838:INFO:Initializing Naive Bayes
2022-01-15 13:08:50,838:INFO:Total runtime is 1.0250458995501202 minutes
2022-01-15 13:08:50,934:INFO:SubProcess create_model() called ==================================
2022-01-15 13:08:50,939:INFO:Initializing create_model()
2022-01-15 13:08:50,941:INFO:create_model(estimator=nb, fold=StratifiedKFold(n_splits=5, random_state=None, shuffle=False), round=4, cross_validation=True, predict=True, fit_kwargs={}, groups=None, refit=False, verbose=False, system=False, metrics=None, add_to_model_list=True, probability_threshold=None, display=<pycaret.internal.Display.Display object at 0x000002037A209588>, kwargs={})
2022-01-15 13:08:50,941:INFO:Checking exceptions
2022-01-15 13:08:50,942:INFO:Importing libraries
2022-01-15 13:08:50,942:INFO:Copying training dataset
2022-01-15 13:08:50,955:INFO:Defining folds
2022-01-15 13:08:50,961:INFO:Declaring metric variables
2022-01-15 13:08:51,034:INFO:Importing untrained model
2022-01-15 13:08:51,097:INFO:Naive Bayes Imported succesfully
2022-01-15 13:08:51,268:INFO:Starting cross validation
2022-01-15 13:08:51,271:INFO:Cross validating with StratifiedKFold(n_splits=5, random_state=None, shuffle=False), n_jobs=-1
2022-01-15 13:08:52,030:INFO:Calculating mean and std
2022-01-15 13:08:52,032:INFO:Creating metrics dataframe
2022-01-15 13:08:52,059:INFO:Uploading results into container
2022-01-15 13:08:52,060:INFO:Uploading model into container now
2022-01-15 13:08:52,060:INFO:create_model_container: 3
2022-01-15 13:08:52,061:INFO:master_model_container: 3
2022-01-15 13:08:52,062:INFO:display_container: 2
2022-01-15 13:08:52,063:INFO:GaussianNB(priors=None, var_smoothing=1e-09)
2022-01-15 13:08:52,064:INFO:create_model() succesfully completed......................................
2022-01-15 13:08:52,307:INFO:SubProcess create_model() end ==================================
2022-01-15 13:08:52,308:INFO:Creating metrics dataframe
2022-01-15 13:08:52,399:INFO:Initializing Decision Tree Classifier
2022-01-15 13:08:52,399:INFO:Total runtime is 1.0510463356971742 minutes
2022-01-15 13:08:52,487:INFO:SubProcess create_model() called ==================================
2022-01-15 13:08:52,490:INFO:Initializing create_model()
2022-01-15 13:08:52,490:INFO:create_model(estimator=dt, fold=StratifiedKFold(n_splits=5, random_state=None, shuffle=False), round=4, cross_validation=True, predict=True, fit_kwargs={}, groups=None, refit=False, verbose=False, system=False, metrics=None, add_to_model_list=True, probability_threshold=None, display=<pycaret.internal.Display.Display object at 0x000002037A209588>, kwargs={})
2022-01-15 13:08:52,493:INFO:Checking exceptions
2022-01-15 13:08:52,494:INFO:Importing libraries
2022-01-15 13:08:52,496:INFO:Copying training dataset
2022-01-15 13:08:52,503:INFO:Defining folds
2022-01-15 13:08:52,505:INFO:Declaring metric variables
2022-01-15 13:08:52,549:INFO:Importing untrained model
2022-01-15 13:08:52,616:INFO:Decision Tree Classifier Imported succesfully
2022-01-15 13:08:52,719:INFO:Starting cross validation
2022-01-15 13:08:52,726:INFO:Cross validating with StratifiedKFold(n_splits=5, random_state=None, shuffle=False), n_jobs=-1
2022-01-15 13:08:53,651:INFO:Calculating mean and std
2022-01-15 13:08:53,657:INFO:Creating metrics dataframe
2022-01-15 13:08:53,680:INFO:Uploading results into container
2022-01-15 13:08:53,681:INFO:Uploading model into container now
2022-01-15 13:08:53,681:INFO:create_model_container: 4
2022-01-15 13:08:53,682:INFO:master_model_container: 4
2022-01-15 13:08:53,682:INFO:display_container: 2
2022-01-15 13:08:53,700:INFO:DecisionTreeClassifier(ccp_alpha=0.0, class_weight=None, criterion='gini',
                       max_depth=None, max_features=None, max_leaf_nodes=None,
                       min_impurity_decrease=0.0, min_impurity_split=None,
                       min_samples_leaf=1, min_samples_split=2,
                       min_weight_fraction_leaf=0.0, presort='deprecated',
                       random_state=1440, splitter='best')
2022-01-15 13:08:53,700:INFO:create_model() succesfully completed......................................
2022-01-15 13:08:53,950:INFO:SubProcess create_model() end ==================================
2022-01-15 13:08:53,950:INFO:Creating metrics dataframe
2022-01-15 13:08:54,055:INFO:Initializing SVM - Linear Kernel
2022-01-15 13:08:54,056:INFO:Total runtime is 1.0786723454793297 minutes
2022-01-15 13:08:54,131:INFO:SubProcess create_model() called ==================================
2022-01-15 13:08:54,133:INFO:Initializing create_model()
2022-01-15 13:08:54,133:INFO:create_model(estimator=svm, fold=StratifiedKFold(n_splits=5, random_state=None, shuffle=False), round=4, cross_validation=True, predict=True, fit_kwargs={}, groups=None, refit=False, verbose=False, system=False, metrics=None, add_to_model_list=True, probability_threshold=None, display=<pycaret.internal.Display.Display object at 0x000002037A209588>, kwargs={})
2022-01-15 13:08:54,134:INFO:Checking exceptions
2022-01-15 13:08:54,135:INFO:Importing libraries
2022-01-15 13:08:54,136:INFO:Copying training dataset
2022-01-15 13:08:54,141:INFO:Defining folds
2022-01-15 13:08:54,143:INFO:Declaring metric variables
2022-01-15 13:08:54,213:INFO:Importing untrained model
2022-01-15 13:08:54,284:INFO:SVM - Linear Kernel Imported succesfully
2022-01-15 13:08:54,427:INFO:Starting cross validation
2022-01-15 13:08:54,431:INFO:Cross validating with StratifiedKFold(n_splits=5, random_state=None, shuffle=False), n_jobs=-1
2022-01-15 13:08:57,329:INFO:Calculating mean and std
2022-01-15 13:08:57,332:INFO:Creating metrics dataframe
2022-01-15 13:08:57,355:INFO:Uploading results into container
2022-01-15 13:08:57,356:INFO:Uploading model into container now
2022-01-15 13:08:57,357:INFO:create_model_container: 5
2022-01-15 13:08:57,358:INFO:master_model_container: 5
2022-01-15 13:08:57,359:INFO:display_container: 2
2022-01-15 13:08:57,362:INFO:SGDClassifier(alpha=0.0001, average=False, class_weight=None,
              early_stopping=False, epsilon=0.1, eta0=0.001, fit_intercept=True,
              l1_ratio=0.15, learning_rate='optimal', loss='hinge',
              max_iter=1000, n_iter_no_change=5, n_jobs=-1, penalty='l2',
              power_t=0.5, random_state=1440, shuffle=True, tol=0.001,
              validation_fraction=0.1, verbose=0, warm_start=False)
2022-01-15 13:08:57,363:INFO:create_model() succesfully completed......................................
2022-01-15 13:08:57,612:INFO:SubProcess create_model() end ==================================
2022-01-15 13:08:57,612:INFO:Creating metrics dataframe
2022-01-15 13:08:57,682:INFO:Initializing Ridge Classifier
2022-01-15 13:08:57,683:INFO:Total runtime is 1.1391195138295493 minutes
2022-01-15 13:08:57,728:INFO:SubProcess create_model() called ==================================
2022-01-15 13:08:57,730:INFO:Initializing create_model()
2022-01-15 13:08:57,731:INFO:create_model(estimator=ridge, fold=StratifiedKFold(n_splits=5, random_state=None, shuffle=False), round=4, cross_validation=True, predict=True, fit_kwargs={}, groups=None, refit=False, verbose=False, system=False, metrics=None, add_to_model_list=True, probability_threshold=None, display=<pycaret.internal.Display.Display object at 0x000002037A209588>, kwargs={})
2022-01-15 13:08:57,732:INFO:Checking exceptions
2022-01-15 13:08:57,732:INFO:Importing libraries
2022-01-15 13:08:57,732:INFO:Copying training dataset
2022-01-15 13:08:57,736:INFO:Defining folds
2022-01-15 13:08:57,738:INFO:Declaring metric variables
2022-01-15 13:08:57,839:INFO:Importing untrained model
2022-01-15 13:08:57,895:INFO:Ridge Classifier Imported succesfully
2022-01-15 13:08:58,025:INFO:Starting cross validation
2022-01-15 13:08:58,028:INFO:Cross validating with StratifiedKFold(n_splits=5, random_state=None, shuffle=False), n_jobs=-1
2022-01-15 13:08:58,541:INFO:Calculating mean and std
2022-01-15 13:08:58,546:INFO:Creating metrics dataframe
2022-01-15 13:08:58,567:INFO:Uploading results into container
2022-01-15 13:08:58,568:INFO:Uploading model into container now
2022-01-15 13:08:58,569:INFO:create_model_container: 6
2022-01-15 13:08:58,570:INFO:master_model_container: 6
2022-01-15 13:08:58,571:INFO:display_container: 2
2022-01-15 13:08:58,573:INFO:RidgeClassifier(alpha=1.0, class_weight=None, copy_X=True, fit_intercept=True,
                max_iter=None, normalize=False, random_state=1440,
                solver='auto', tol=0.001)
2022-01-15 13:08:58,573:INFO:create_model() succesfully completed......................................
2022-01-15 13:08:58,780:INFO:SubProcess create_model() end ==================================
2022-01-15 13:08:58,781:INFO:Creating metrics dataframe
2022-01-15 13:08:58,853:INFO:Initializing Random Forest Classifier
2022-01-15 13:08:58,855:INFO:Total runtime is 1.1586527983347576 minutes
2022-01-15 13:08:58,908:INFO:SubProcess create_model() called ==================================
2022-01-15 13:08:58,910:INFO:Initializing create_model()
2022-01-15 13:08:58,910:INFO:create_model(estimator=rf, fold=StratifiedKFold(n_splits=5, random_state=None, shuffle=False), round=4, cross_validation=True, predict=True, fit_kwargs={}, groups=None, refit=False, verbose=False, system=False, metrics=None, add_to_model_list=True, probability_threshold=None, display=<pycaret.internal.Display.Display object at 0x000002037A209588>, kwargs={})
2022-01-15 13:08:58,910:INFO:Checking exceptions
2022-01-15 13:08:58,911:INFO:Importing libraries
2022-01-15 13:08:58,912:INFO:Copying training dataset
2022-01-15 13:08:58,918:INFO:Defining folds
2022-01-15 13:08:58,919:INFO:Declaring metric variables
2022-01-15 13:08:58,966:INFO:Importing untrained model
2022-01-15 13:08:59,067:INFO:Random Forest Classifier Imported succesfully
2022-01-15 13:08:59,197:INFO:Starting cross validation
2022-01-15 13:08:59,202:INFO:Cross validating with StratifiedKFold(n_splits=5, random_state=None, shuffle=False), n_jobs=-1
2022-01-15 13:09:21,091:INFO:Calculating mean and std
2022-01-15 13:09:21,099:INFO:Creating metrics dataframe
2022-01-15 13:09:21,133:INFO:Uploading results into container
2022-01-15 13:09:21,134:INFO:Uploading model into container now
2022-01-15 13:09:21,134:INFO:create_model_container: 7
2022-01-15 13:09:21,135:INFO:master_model_container: 7
2022-01-15 13:09:21,136:INFO:display_container: 2
2022-01-15 13:09:21,141:INFO:RandomForestClassifier(bootstrap=True, ccp_alpha=0.0, class_weight=None,
                       criterion='gini', max_depth=None, max_features='auto',
                       max_leaf_nodes=None, max_samples=None,
                       min_impurity_decrease=0.0, min_impurity_split=None,
                       min_samples_leaf=1, min_samples_split=2,
                       min_weight_fraction_leaf=0.0, n_estimators=100,
                       n_jobs=-1, oob_score=False, random_state=1440, verbose=0,
                       warm_start=False)
2022-01-15 13:09:21,142:INFO:create_model() succesfully completed......................................
2022-01-15 13:09:21,546:INFO:SubProcess create_model() end ==================================
2022-01-15 13:09:21,546:INFO:Creating metrics dataframe
2022-01-15 13:09:21,742:INFO:Initializing Quadratic Discriminant Analysis
2022-01-15 13:09:21,743:INFO:Total runtime is 1.540119032065074 minutes
2022-01-15 13:09:21,842:INFO:SubProcess create_model() called ==================================
2022-01-15 13:09:21,844:INFO:Initializing create_model()
2022-01-15 13:09:21,845:INFO:create_model(estimator=qda, fold=StratifiedKFold(n_splits=5, random_state=None, shuffle=False), round=4, cross_validation=True, predict=True, fit_kwargs={}, groups=None, refit=False, verbose=False, system=False, metrics=None, add_to_model_list=True, probability_threshold=None, display=<pycaret.internal.Display.Display object at 0x000002037A209588>, kwargs={})
2022-01-15 13:09:21,845:INFO:Checking exceptions
2022-01-15 13:09:21,845:INFO:Importing libraries
2022-01-15 13:09:21,847:INFO:Copying training dataset
2022-01-15 13:09:21,851:INFO:Defining folds
2022-01-15 13:09:21,853:INFO:Declaring metric variables
2022-01-15 13:09:21,944:INFO:Importing untrained model
2022-01-15 13:09:22,042:INFO:Quadratic Discriminant Analysis Imported succesfully
2022-01-15 13:09:22,228:INFO:Starting cross validation
2022-01-15 13:09:22,233:INFO:Cross validating with StratifiedKFold(n_splits=5, random_state=None, shuffle=False), n_jobs=-1
2022-01-15 13:09:23,129:INFO:Calculating mean and std
2022-01-15 13:09:23,136:INFO:Creating metrics dataframe
2022-01-15 13:09:23,172:INFO:Uploading results into container
2022-01-15 13:09:23,173:INFO:Uploading model into container now
2022-01-15 13:09:23,173:INFO:create_model_container: 8
2022-01-15 13:09:23,174:INFO:master_model_container: 8
2022-01-15 13:09:23,174:INFO:display_container: 2
2022-01-15 13:09:23,175:INFO:QuadraticDiscriminantAnalysis(priors=None, reg_param=0.0,
                              store_covariance=False, tol=0.0001)
2022-01-15 13:09:23,176:INFO:create_model() succesfully completed......................................
2022-01-15 13:09:23,482:INFO:SubProcess create_model() end ==================================
2022-01-15 13:09:23,482:INFO:Creating metrics dataframe
2022-01-15 13:09:23,642:INFO:Initializing Ada Boost Classifier
2022-01-15 13:09:23,643:INFO:Total runtime is 1.5717806816101076 minutes
2022-01-15 13:09:23,707:INFO:SubProcess create_model() called ==================================
2022-01-15 13:09:23,709:INFO:Initializing create_model()
2022-01-15 13:09:23,710:INFO:create_model(estimator=ada, fold=StratifiedKFold(n_splits=5, random_state=None, shuffle=False), round=4, cross_validation=True, predict=True, fit_kwargs={}, groups=None, refit=False, verbose=False, system=False, metrics=None, add_to_model_list=True, probability_threshold=None, display=<pycaret.internal.Display.Display object at 0x000002037A209588>, kwargs={})
2022-01-15 13:09:23,711:INFO:Checking exceptions
2022-01-15 13:09:23,711:INFO:Importing libraries
2022-01-15 13:09:23,712:INFO:Copying training dataset
2022-01-15 13:09:23,715:INFO:Defining folds
2022-01-15 13:09:23,716:INFO:Declaring metric variables
2022-01-15 13:09:23,780:INFO:Importing untrained model
2022-01-15 13:09:23,922:INFO:Ada Boost Classifier Imported succesfully
2022-01-15 13:09:24,106:INFO:Starting cross validation
2022-01-15 13:09:24,111:INFO:Cross validating with StratifiedKFold(n_splits=5, random_state=None, shuffle=False), n_jobs=-1
2022-01-15 13:09:30,015:INFO:Calculating mean and std
2022-01-15 13:09:30,021:INFO:Creating metrics dataframe
2022-01-15 13:09:30,046:INFO:Uploading results into container
2022-01-15 13:09:30,046:INFO:Uploading model into container now
2022-01-15 13:09:30,047:INFO:create_model_container: 9
2022-01-15 13:09:30,048:INFO:master_model_container: 9
2022-01-15 13:09:30,049:INFO:display_container: 2
2022-01-15 13:09:30,051:INFO:AdaBoostClassifier(algorithm='SAMME.R', base_estimator=None, learning_rate=1.0,
                   n_estimators=50, random_state=1440)
2022-01-15 13:09:30,051:INFO:create_model() succesfully completed......................................
2022-01-15 13:09:30,445:INFO:SubProcess create_model() end ==================================
2022-01-15 13:09:30,446:INFO:Creating metrics dataframe
2022-01-15 13:09:30,636:INFO:Initializing Gradient Boosting Classifier
2022-01-15 13:09:30,640:INFO:Total runtime is 1.6884008844693503 minutes
2022-01-15 13:09:30,761:INFO:SubProcess create_model() called ==================================
2022-01-15 13:09:30,763:INFO:Initializing create_model()
2022-01-15 13:09:30,763:INFO:create_model(estimator=gbc, fold=StratifiedKFold(n_splits=5, random_state=None, shuffle=False), round=4, cross_validation=True, predict=True, fit_kwargs={}, groups=None, refit=False, verbose=False, system=False, metrics=None, add_to_model_list=True, probability_threshold=None, display=<pycaret.internal.Display.Display object at 0x000002037A209588>, kwargs={})
2022-01-15 13:09:30,764:INFO:Checking exceptions
2022-01-15 13:09:30,765:INFO:Importing libraries
2022-01-15 13:09:30,766:INFO:Copying training dataset
2022-01-15 13:09:30,769:INFO:Defining folds
2022-01-15 13:09:30,770:INFO:Declaring metric variables
2022-01-15 13:09:30,864:INFO:Importing untrained model
2022-01-15 13:09:30,931:INFO:Gradient Boosting Classifier Imported succesfully
2022-01-15 13:09:31,063:INFO:Starting cross validation
2022-01-15 13:09:31,069:INFO:Cross validating with StratifiedKFold(n_splits=5, random_state=None, shuffle=False), n_jobs=-1
2022-01-15 13:09:44,955:INFO:Calculating mean and std
2022-01-15 13:09:44,959:INFO:Creating metrics dataframe
2022-01-15 13:09:44,972:INFO:Uploading results into container
2022-01-15 13:09:44,973:INFO:Uploading model into container now
2022-01-15 13:09:44,973:INFO:create_model_container: 10
2022-01-15 13:09:44,973:INFO:master_model_container: 10
2022-01-15 13:09:44,973:INFO:display_container: 2
2022-01-15 13:09:44,975:INFO:GradientBoostingClassifier(ccp_alpha=0.0, criterion='friedman_mse', init=None,
                           learning_rate=0.1, loss='deviance', max_depth=3,
                           max_features=None, max_leaf_nodes=None,
                           min_impurity_decrease=0.0, min_impurity_split=None,
                           min_samples_leaf=1, min_samples_split=2,
                           min_weight_fraction_leaf=0.0, n_estimators=100,
                           n_iter_no_change=None, presort='deprecated',
                           random_state=1440, subsample=1.0, tol=0.0001,
                           validation_fraction=0.1, verbose=0,
                           warm_start=False)
2022-01-15 13:09:44,977:INFO:create_model() succesfully completed......................................
2022-01-15 13:09:45,154:INFO:SubProcess create_model() end ==================================
2022-01-15 13:09:45,155:INFO:Creating metrics dataframe
2022-01-15 13:09:45,240:INFO:Initializing Linear Discriminant Analysis
2022-01-15 13:09:45,241:INFO:Total runtime is 1.9317511876424156 minutes
2022-01-15 13:09:45,286:INFO:SubProcess create_model() called ==================================
2022-01-15 13:09:45,287:INFO:Initializing create_model()
2022-01-15 13:09:45,288:INFO:create_model(estimator=lda, fold=StratifiedKFold(n_splits=5, random_state=None, shuffle=False), round=4, cross_validation=True, predict=True, fit_kwargs={}, groups=None, refit=False, verbose=False, system=False, metrics=None, add_to_model_list=True, probability_threshold=None, display=<pycaret.internal.Display.Display object at 0x000002037A209588>, kwargs={})
2022-01-15 13:09:45,289:INFO:Checking exceptions
2022-01-15 13:09:45,289:INFO:Importing libraries
2022-01-15 13:09:45,290:INFO:Copying training dataset
2022-01-15 13:09:45,294:INFO:Defining folds
2022-01-15 13:09:45,295:INFO:Declaring metric variables
2022-01-15 13:09:45,356:INFO:Importing untrained model
2022-01-15 13:09:45,388:INFO:Linear Discriminant Analysis Imported succesfully
2022-01-15 13:09:45,519:INFO:Starting cross validation
2022-01-15 13:09:45,521:INFO:Cross validating with StratifiedKFold(n_splits=5, random_state=None, shuffle=False), n_jobs=-1
2022-01-15 13:09:45,998:INFO:Calculating mean and std
2022-01-15 13:09:46,001:INFO:Creating metrics dataframe
2022-01-15 13:09:46,016:INFO:Uploading results into container
2022-01-15 13:09:46,017:INFO:Uploading model into container now
2022-01-15 13:09:46,017:INFO:create_model_container: 11
2022-01-15 13:09:46,018:INFO:master_model_container: 11
2022-01-15 13:09:46,019:INFO:display_container: 2
2022-01-15 13:09:46,021:INFO:LinearDiscriminantAnalysis(n_components=None, priors=None, shrinkage=None,
                           solver='svd', store_covariance=False, tol=0.0001)
2022-01-15 13:09:46,021:INFO:create_model() succesfully completed......................................
2022-01-15 13:09:46,171:INFO:SubProcess create_model() end ==================================
2022-01-15 13:09:46,172:INFO:Creating metrics dataframe
2022-01-15 13:09:46,232:INFO:Initializing Extra Trees Classifier
2022-01-15 13:09:46,232:INFO:Total runtime is 1.948268024126689 minutes
2022-01-15 13:09:46,269:INFO:SubProcess create_model() called ==================================
2022-01-15 13:09:46,271:INFO:Initializing create_model()
2022-01-15 13:09:46,271:INFO:create_model(estimator=et, fold=StratifiedKFold(n_splits=5, random_state=None, shuffle=False), round=4, cross_validation=True, predict=True, fit_kwargs={}, groups=None, refit=False, verbose=False, system=False, metrics=None, add_to_model_list=True, probability_threshold=None, display=<pycaret.internal.Display.Display object at 0x000002037A209588>, kwargs={})
2022-01-15 13:09:46,272:INFO:Checking exceptions
2022-01-15 13:09:46,272:INFO:Importing libraries
2022-01-15 13:09:46,272:INFO:Copying training dataset
2022-01-15 13:09:46,275:INFO:Defining folds
2022-01-15 13:09:46,276:INFO:Declaring metric variables
2022-01-15 13:09:46,321:INFO:Importing untrained model
2022-01-15 13:09:46,369:INFO:Extra Trees Classifier Imported succesfully
2022-01-15 13:09:46,456:INFO:Starting cross validation
2022-01-15 13:09:46,463:INFO:Cross validating with StratifiedKFold(n_splits=5, random_state=None, shuffle=False), n_jobs=-1
2022-01-15 13:09:58,668:INFO:Calculating mean and std
2022-01-15 13:09:58,674:INFO:Creating metrics dataframe
2022-01-15 13:09:58,693:INFO:Uploading results into container
2022-01-15 13:09:58,694:INFO:Uploading model into container now
2022-01-15 13:09:58,695:INFO:create_model_container: 12
2022-01-15 13:09:58,696:INFO:master_model_container: 12
2022-01-15 13:09:58,696:INFO:display_container: 2
2022-01-15 13:09:58,699:INFO:ExtraTreesClassifier(bootstrap=False, ccp_alpha=0.0, class_weight=None,
                     criterion='gini', max_depth=None, max_features='auto',
                     max_leaf_nodes=None, max_samples=None,
                     min_impurity_decrease=0.0, min_impurity_split=None,
                     min_samples_leaf=1, min_samples_split=2,
                     min_weight_fraction_leaf=0.0, n_estimators=100, n_jobs=-1,
                     oob_score=False, random_state=1440, verbose=0,
                     warm_start=False)
2022-01-15 13:09:58,699:INFO:create_model() succesfully completed......................................
2022-01-15 13:09:58,887:INFO:SubProcess create_model() end ==================================
2022-01-15 13:09:58,887:INFO:Creating metrics dataframe
2022-01-15 13:09:58,948:INFO:Initializing Extreme Gradient Boosting
2022-01-15 13:09:58,949:INFO:Total runtime is 2.1602153937021895 minutes
2022-01-15 13:09:58,980:INFO:SubProcess create_model() called ==================================
2022-01-15 13:09:58,982:INFO:Initializing create_model()
2022-01-15 13:09:58,982:INFO:create_model(estimator=xgboost, fold=StratifiedKFold(n_splits=5, random_state=None, shuffle=False), round=4, cross_validation=True, predict=True, fit_kwargs={}, groups=None, refit=False, verbose=False, system=False, metrics=None, add_to_model_list=True, probability_threshold=None, display=<pycaret.internal.Display.Display object at 0x000002037A209588>, kwargs={})
2022-01-15 13:09:58,983:INFO:Checking exceptions
2022-01-15 13:09:58,983:INFO:Importing libraries
2022-01-15 13:09:58,983:INFO:Copying training dataset
2022-01-15 13:09:58,985:INFO:Defining folds
2022-01-15 13:09:58,986:INFO:Declaring metric variables
2022-01-15 13:09:59,042:INFO:Importing untrained model
2022-01-15 13:09:59,089:INFO:Extreme Gradient Boosting Imported succesfully
2022-01-15 13:09:59,185:INFO:Starting cross validation
2022-01-15 13:09:59,194:INFO:Cross validating with StratifiedKFold(n_splits=5, random_state=None, shuffle=False), n_jobs=-1
2022-01-15 13:10:09,252:INFO:Calculating mean and std
2022-01-15 13:10:09,258:INFO:Creating metrics dataframe
2022-01-15 13:10:09,282:INFO:Uploading results into container
2022-01-15 13:10:09,283:INFO:Uploading model into container now
2022-01-15 13:10:09,286:INFO:create_model_container: 13
2022-01-15 13:10:09,293:INFO:master_model_container: 13
2022-01-15 13:10:09,294:INFO:display_container: 2
2022-01-15 13:10:09,301:INFO:XGBClassifier(base_score=None, booster='gbtree', colsample_bylevel=None,
              colsample_bynode=None, colsample_bytree=None,
              enable_categorical=False, gamma=None, gpu_id=None,
              importance_type=None, interaction_constraints=None,
              learning_rate=None, max_delta_step=None, max_depth=None,
              min_child_weight=None, missing=nan, monotone_constraints=None,
              n_estimators=100, n_jobs=-1, num_parallel_tree=None,
              objective='binary:logistic', predictor=None, random_state=1440,
              reg_alpha=None, reg_lambda=None, scale_pos_weight=None,
              subsample=None, tree_method='auto', use_label_encoder=True,
              validate_parameters=None, verbosity=0)
2022-01-15 13:10:09,302:INFO:create_model() succesfully completed......................................
2022-01-15 13:10:09,452:INFO:SubProcess create_model() end ==================================
2022-01-15 13:10:09,453:INFO:Creating metrics dataframe
2022-01-15 13:10:09,585:INFO:Initializing Light Gradient Boosting Machine
2022-01-15 13:10:09,586:INFO:Total runtime is 2.3375033100446068 minutes
2022-01-15 13:10:09,621:INFO:SubProcess create_model() called ==================================
2022-01-15 13:10:09,622:INFO:Initializing create_model()
2022-01-15 13:10:09,624:INFO:create_model(estimator=lightgbm, fold=StratifiedKFold(n_splits=5, random_state=None, shuffle=False), round=4, cross_validation=True, predict=True, fit_kwargs={}, groups=None, refit=False, verbose=False, system=False, metrics=None, add_to_model_list=True, probability_threshold=None, display=<pycaret.internal.Display.Display object at 0x000002037A209588>, kwargs={})
2022-01-15 13:10:09,624:INFO:Checking exceptions
2022-01-15 13:10:09,625:INFO:Importing libraries
2022-01-15 13:10:09,625:INFO:Copying training dataset
2022-01-15 13:10:09,629:INFO:Defining folds
2022-01-15 13:10:09,630:INFO:Declaring metric variables
2022-01-15 13:10:09,684:INFO:Importing untrained model
2022-01-15 13:10:09,729:INFO:Light Gradient Boosting Machine Imported succesfully
2022-01-15 13:10:09,823:INFO:Starting cross validation
2022-01-15 13:10:09,828:INFO:Cross validating with StratifiedKFold(n_splits=5, random_state=None, shuffle=False), n_jobs=-1
2022-01-15 13:10:17,625:INFO:Calculating mean and std
2022-01-15 13:10:17,630:INFO:Creating metrics dataframe
2022-01-15 13:10:17,653:INFO:Uploading results into container
2022-01-15 13:10:17,654:INFO:Uploading model into container now
2022-01-15 13:10:17,654:INFO:create_model_container: 14
2022-01-15 13:10:17,655:INFO:master_model_container: 14
2022-01-15 13:10:17,656:INFO:display_container: 2
2022-01-15 13:10:17,661:INFO:LGBMClassifier(boosting_type='gbdt', class_weight=None, colsample_bytree=1.0,
               importance_type='split', learning_rate=0.1, max_depth=-1,
               min_child_samples=20, min_child_weight=0.001, min_split_gain=0.0,
               n_estimators=100, n_jobs=-1, num_leaves=31, objective=None,
               random_state=1440, reg_alpha=0.0, reg_lambda=0.0, silent='warn',
               subsample=1.0, subsample_for_bin=200000, subsample_freq=0)
2022-01-15 13:10:17,662:INFO:create_model() succesfully completed......................................
2022-01-15 13:10:17,808:INFO:SubProcess create_model() end ==================================
2022-01-15 13:10:17,808:INFO:Creating metrics dataframe
2022-01-15 13:10:17,869:INFO:Initializing CatBoost Classifier
2022-01-15 13:10:17,870:INFO:Total runtime is 2.4755701859792074 minutes
2022-01-15 13:10:17,903:INFO:SubProcess create_model() called ==================================
2022-01-15 13:10:17,904:INFO:Initializing create_model()
2022-01-15 13:10:17,905:INFO:create_model(estimator=catboost, fold=StratifiedKFold(n_splits=5, random_state=None, shuffle=False), round=4, cross_validation=True, predict=True, fit_kwargs={}, groups=None, refit=False, verbose=False, system=False, metrics=None, add_to_model_list=True, probability_threshold=None, display=<pycaret.internal.Display.Display object at 0x000002037A209588>, kwargs={})
2022-01-15 13:10:17,905:INFO:Checking exceptions
2022-01-15 13:10:17,906:INFO:Importing libraries
2022-01-15 13:10:17,906:INFO:Copying training dataset
2022-01-15 13:10:17,908:INFO:Defining folds
2022-01-15 13:10:17,909:INFO:Declaring metric variables
2022-01-15 13:10:17,943:INFO:Importing untrained model
2022-01-15 13:10:18,006:INFO:CatBoost Classifier Imported succesfully
2022-01-15 13:10:18,077:INFO:Starting cross validation
2022-01-15 13:10:18,092:INFO:Cross validating with StratifiedKFold(n_splits=5, random_state=None, shuffle=False), n_jobs=-1
2022-01-15 13:10:47,882:INFO:Calculating mean and std
2022-01-15 13:10:47,887:INFO:Creating metrics dataframe
2022-01-15 13:10:47,907:INFO:Uploading results into container
2022-01-15 13:10:47,908:INFO:Uploading model into container now
2022-01-15 13:10:47,909:INFO:create_model_container: 15
2022-01-15 13:10:47,910:INFO:master_model_container: 15
2022-01-15 13:10:47,910:INFO:display_container: 2
2022-01-15 13:10:47,911:INFO:<catboost.core.CatBoostClassifier object at 0x0000020345842188>
2022-01-15 13:10:47,911:INFO:create_model() succesfully completed......................................
2022-01-15 13:10:48,085:INFO:SubProcess create_model() end ==================================
2022-01-15 13:10:48,085:INFO:Creating metrics dataframe
2022-01-15 13:10:48,156:INFO:Initializing Dummy Classifier
2022-01-15 13:10:48,156:INFO:Total runtime is 2.980342161655426 minutes
2022-01-15 13:10:48,196:INFO:SubProcess create_model() called ==================================
2022-01-15 13:10:48,197:INFO:Initializing create_model()
2022-01-15 13:10:48,197:INFO:create_model(estimator=dummy, fold=StratifiedKFold(n_splits=5, random_state=None, shuffle=False), round=4, cross_validation=True, predict=True, fit_kwargs={}, groups=None, refit=False, verbose=False, system=False, metrics=None, add_to_model_list=True, probability_threshold=None, display=<pycaret.internal.Display.Display object at 0x000002037A209588>, kwargs={})
2022-01-15 13:10:48,198:INFO:Checking exceptions
2022-01-15 13:10:48,198:INFO:Importing libraries
2022-01-15 13:10:48,199:INFO:Copying training dataset
2022-01-15 13:10:48,202:INFO:Defining folds
2022-01-15 13:10:48,202:INFO:Declaring metric variables
2022-01-15 13:10:48,243:INFO:Importing untrained model
2022-01-15 13:10:48,298:INFO:Dummy Classifier Imported succesfully
2022-01-15 13:10:48,384:INFO:Starting cross validation
2022-01-15 13:10:48,388:INFO:Cross validating with StratifiedKFold(n_splits=5, random_state=None, shuffle=False), n_jobs=-1
2022-01-15 13:10:48,683:INFO:Calculating mean and std
2022-01-15 13:10:48,686:INFO:Creating metrics dataframe
2022-01-15 13:10:48,697:INFO:Uploading results into container
2022-01-15 13:10:48,698:INFO:Uploading model into container now
2022-01-15 13:10:48,699:INFO:create_model_container: 16
2022-01-15 13:10:48,699:INFO:master_model_container: 16
2022-01-15 13:10:48,699:INFO:display_container: 2
2022-01-15 13:10:48,700:INFO:DummyClassifier(constant=None, random_state=1440, strategy='prior')
2022-01-15 13:10:48,700:INFO:create_model() succesfully completed......................................
2022-01-15 13:10:48,851:INFO:SubProcess create_model() end ==================================
2022-01-15 13:10:48,852:INFO:Creating metrics dataframe
2022-01-15 13:10:49,054:INFO:Initializing create_model()
2022-01-15 13:10:49,055:INFO:create_model(estimator=LGBMClassifier(boosting_type='gbdt', class_weight=None, colsample_bytree=1.0,
               importance_type='split', learning_rate=0.1, max_depth=-1,
               min_child_samples=20, min_child_weight=0.001, min_split_gain=0.0,
               n_estimators=100, n_jobs=-1, num_leaves=31, objective=None,
               random_state=1440, reg_alpha=0.0, reg_lambda=0.0, silent='warn',
               subsample=1.0, subsample_for_bin=200000, subsample_freq=0), fold=StratifiedKFold(n_splits=5, random_state=None, shuffle=False), round=4, cross_validation=False, predict=False, fit_kwargs={}, groups=None, refit=True, verbose=False, system=False, metrics=None, add_to_model_list=True, probability_threshold=None, display=None, kwargs={})
2022-01-15 13:10:49,055:INFO:Checking exceptions
2022-01-15 13:10:49,057:INFO:Importing libraries
2022-01-15 13:10:49,057:INFO:Copying training dataset
2022-01-15 13:10:49,075:INFO:Defining folds
2022-01-15 13:10:49,076:INFO:Declaring metric variables
2022-01-15 13:10:49,077:INFO:Importing untrained model
2022-01-15 13:10:49,078:INFO:Declaring custom model
2022-01-15 13:10:49,083:INFO:Light Gradient Boosting Machine Imported succesfully
2022-01-15 13:10:49,087:INFO:Cross validation set to False
2022-01-15 13:10:49,087:INFO:Fitting Model
2022-01-15 13:10:49,636:INFO:LGBMClassifier(boosting_type='gbdt', class_weight=None, colsample_bytree=1.0,
               importance_type='split', learning_rate=0.1, max_depth=-1,
               min_child_samples=20, min_child_weight=0.001, min_split_gain=0.0,
               n_estimators=100, n_jobs=-1, num_leaves=31, objective=None,
               random_state=1440, reg_alpha=0.0, reg_lambda=0.0, silent='warn',
               subsample=1.0, subsample_for_bin=200000, subsample_freq=0)
2022-01-15 13:10:49,636:INFO:create_models() succesfully completed......................................
2022-01-15 13:10:49,951:INFO:create_model_container: 16
2022-01-15 13:10:49,952:INFO:master_model_container: 16
2022-01-15 13:10:49,952:INFO:display_container: 2
2022-01-15 13:10:49,955:INFO:LGBMClassifier(boosting_type='gbdt', class_weight=None, colsample_bytree=1.0,
               importance_type='split', learning_rate=0.1, max_depth=-1,
               min_child_samples=20, min_child_weight=0.001, min_split_gain=0.0,
               n_estimators=100, n_jobs=-1, num_leaves=31, objective=None,
               random_state=1440, reg_alpha=0.0, reg_lambda=0.0, silent='warn',
               subsample=1.0, subsample_for_bin=200000, subsample_freq=0)
2022-01-15 13:10:49,955:INFO:compare_models() succesfully completed......................................
2022-01-15 13:10:50,010:INFO:Initializing create_model()
2022-01-15 13:10:50,010:INFO:create_model(estimator=gbc, fold=5, round=4, cross_validation=True, predict=True, fit_kwargs=None, groups=None, refit=True, verbose=True, system=True, metrics=None, add_to_model_list=True, probability_threshold=None, display=None, kwargs={})
2022-01-15 13:10:50,011:INFO:Checking exceptions
2022-01-15 13:10:50,011:INFO:Preparing display monitor
2022-01-15 13:10:50,129:INFO:Importing libraries
2022-01-15 13:10:50,130:INFO:Copying training dataset
2022-01-15 13:10:50,138:INFO:Defining folds
2022-01-15 13:10:50,139:INFO:Declaring metric variables
2022-01-15 13:10:50,189:INFO:Importing untrained model
2022-01-15 13:10:50,233:INFO:Gradient Boosting Classifier Imported succesfully
2022-01-15 13:10:50,328:INFO:Starting cross validation
2022-01-15 13:10:50,334:INFO:Cross validating with StratifiedKFold(n_splits=5, random_state=None, shuffle=False), n_jobs=-1
2022-01-15 13:10:57,925:INFO:Calculating mean and std
2022-01-15 13:10:57,927:INFO:Creating metrics dataframe
2022-01-15 13:10:57,966:INFO:Finalizing model
2022-01-15 13:11:01,292:INFO:Uploading results into container
2022-01-15 13:11:01,293:INFO:Uploading model into container now
2022-01-15 13:11:01,400:INFO:create_model_container: 17
2022-01-15 13:11:01,402:INFO:master_model_container: 17
2022-01-15 13:11:01,403:INFO:display_container: 3
2022-01-15 13:11:01,406:INFO:GradientBoostingClassifier(ccp_alpha=0.0, criterion='friedman_mse', init=None,
                           learning_rate=0.1, loss='deviance', max_depth=3,
                           max_features=None, max_leaf_nodes=None,
                           min_impurity_decrease=0.0, min_impurity_split=None,
                           min_samples_leaf=1, min_samples_split=2,
                           min_weight_fraction_leaf=0.0, n_estimators=100,
                           n_iter_no_change=None, presort='deprecated',
                           random_state=1440, subsample=1.0, tol=0.0001,
                           validation_fraction=0.1, verbose=0,
                           warm_start=False)
2022-01-15 13:11:01,406:INFO:create_model() succesfully completed......................................
2022-01-15 13:11:01,598:INFO:Initializing tune_model()
2022-01-15 13:11:01,598:INFO:tune_model(estimator=GradientBoostingClassifier(ccp_alpha=0.0, criterion='friedman_mse', init=None,
                           learning_rate=0.1, loss='deviance', max_depth=3,
                           max_features=None, max_leaf_nodes=None,
                           min_impurity_decrease=0.0, min_impurity_split=None,
                           min_samples_leaf=1, min_samples_split=2,
                           min_weight_fraction_leaf=0.0, n_estimators=100,
                           n_iter_no_change=None, presort='deprecated',
                           random_state=1440, subsample=1.0, tol=0.0001,
                           validation_fraction=0.1, verbose=0,
                           warm_start=False), fold=5, round=4, n_iter=10, custom_grid={'learning_rate': [0.1, 0.2, 0.5], 'n_estimators': [100, 500, 1000], 'min_samples_split': [1, 2, 5, 10], 'max_depth': [1, 3, 9]}, optimize=AUC, custom_scorer=None, search_library=scikit-learn, search_algorithm=None, early_stopping=False, early_stopping_max_iters=10, choose_better=False, fit_kwargs=None, groups=None, return_tuner=False, verbose=True, tuner_verbose=True, display=None, kwargs={})
2022-01-15 13:11:01,601:INFO:Checking exceptions
2022-01-15 13:11:01,616:INFO:Preparing display monitor
2022-01-15 13:11:01,685:INFO:Copying training dataset
2022-01-15 13:11:01,696:INFO:Checking base model
2022-01-15 13:11:01,698:INFO:Base model : Gradient Boosting Classifier
2022-01-15 13:11:01,735:INFO:Declaring metric variables
2022-01-15 13:11:01,783:INFO:Defining Hyperparameters
2022-01-15 13:11:01,991:INFO:custom_grid: {'actual_estimator__learning_rate': [0.1, 0.2, 0.5], 'actual_estimator__n_estimators': [100, 500, 1000], 'actual_estimator__min_samples_split': [1, 2, 5, 10], 'actual_estimator__max_depth': [1, 3, 9]}
2022-01-15 13:11:01,991:INFO:Tuning with n_jobs=-1
2022-01-15 13:11:01,992:INFO:Initializing RandomizedSearchCV
2022-01-15 13:19:48,948:INFO:best_params: {'actual_estimator__n_estimators': 100, 'actual_estimator__min_samples_split': 5, 'actual_estimator__max_depth': 3, 'actual_estimator__learning_rate': 0.5}
2022-01-15 13:19:48,967:INFO:Hyperparameter search completed
2022-01-15 13:19:48,968:INFO:SubProcess create_model() called ==================================
2022-01-15 13:19:48,995:INFO:Initializing create_model()
2022-01-15 13:19:48,995:INFO:create_model(estimator=GradientBoostingClassifier(ccp_alpha=0.0, criterion='friedman_mse', init=None,
                           learning_rate=0.1, loss='deviance', max_depth=3,
                           max_features=None, max_leaf_nodes=None,
                           min_impurity_decrease=0.0, min_impurity_split=None,
                           min_samples_leaf=1, min_samples_split=2,
                           min_weight_fraction_leaf=0.0, n_estimators=100,
                           n_iter_no_change=None, presort='deprecated',
                           random_state=1440, subsample=1.0, tol=0.0001,
                           validation_fraction=0.1, verbose=0,
                           warm_start=False), fold=StratifiedKFold(n_splits=5, random_state=None, shuffle=False), round=4, cross_validation=True, predict=True, fit_kwargs={}, groups=None, refit=True, verbose=True, system=False, metrics=None, add_to_model_list=True, probability_threshold=None, display=<pycaret.internal.Display.Display object at 0x000002037A51E9C8>, kwargs={'n_estimators': 100, 'min_samples_split': 5, 'max_depth': 3, 'learning_rate': 0.5})
2022-01-15 13:19:48,996:INFO:Checking exceptions
2022-01-15 13:19:48,999:INFO:Importing libraries
2022-01-15 13:19:49,000:INFO:Copying training dataset
2022-01-15 13:19:49,023:INFO:Defining folds
2022-01-15 13:19:49,024:INFO:Declaring metric variables
2022-01-15 13:19:49,128:INFO:Importing untrained model
2022-01-15 13:19:49,129:INFO:Declaring custom model
2022-01-15 13:19:49,212:INFO:Gradient Boosting Classifier Imported succesfully
2022-01-15 13:19:49,315:INFO:Starting cross validation
2022-01-15 13:19:49,321:INFO:Cross validating with StratifiedKFold(n_splits=5, random_state=None, shuffle=False), n_jobs=-1
2022-01-15 13:19:56,697:INFO:Calculating mean and std
2022-01-15 13:19:56,702:INFO:Creating metrics dataframe
2022-01-15 13:19:56,792:INFO:Finalizing model
2022-01-15 13:20:00,955:INFO:Uploading results into container
2022-01-15 13:20:00,956:INFO:Uploading model into container now
2022-01-15 13:20:00,956:INFO:create_model_container: 18
2022-01-15 13:20:00,957:INFO:master_model_container: 18
2022-01-15 13:20:00,957:INFO:display_container: 4
2022-01-15 13:20:00,960:INFO:GradientBoostingClassifier(ccp_alpha=0.0, criterion='friedman_mse', init=None,
                           learning_rate=0.5, loss='deviance', max_depth=3,
                           max_features=None, max_leaf_nodes=None,
                           min_impurity_decrease=0.0, min_impurity_split=None,
                           min_samples_leaf=1, min_samples_split=5,
                           min_weight_fraction_leaf=0.0, n_estimators=100,
                           n_iter_no_change=None, presort='deprecated',
                           random_state=1440, subsample=1.0, tol=0.0001,
                           validation_fraction=0.1, verbose=0,
                           warm_start=False)
2022-01-15 13:20:00,960:INFO:create_model() succesfully completed......................................
2022-01-15 13:20:01,925:INFO:SubProcess create_model() end ==================================
2022-01-15 13:20:01,985:INFO:create_model_container: 18
2022-01-15 13:20:01,985:INFO:master_model_container: 18
2022-01-15 13:20:01,986:INFO:display_container: 4
2022-01-15 13:20:01,990:INFO:GradientBoostingClassifier(ccp_alpha=0.0, criterion='friedman_mse', init=None,
                           learning_rate=0.5, loss='deviance', max_depth=3,
                           max_features=None, max_leaf_nodes=None,
                           min_impurity_decrease=0.0, min_impurity_split=None,
                           min_samples_leaf=1, min_samples_split=5,
                           min_weight_fraction_leaf=0.0, n_estimators=100,
                           n_iter_no_change=None, presort='deprecated',
                           random_state=1440, subsample=1.0, tol=0.0001,
                           validation_fraction=0.1, verbose=0,
                           warm_start=False)
2022-01-15 13:20:01,991:INFO:tune_model() succesfully completed......................................
2022-01-15 13:20:02,245:INFO:Initializing predict_model()
2022-01-15 13:20:02,246:INFO:predict_model(estimator=GradientBoostingClassifier(ccp_alpha=0.0, criterion='friedman_mse', init=None,
                           learning_rate=0.1, loss='deviance', max_depth=3,
                           max_features=None, max_leaf_nodes=None,
                           min_impurity_decrease=0.0, min_impurity_split=None,
                           min_samples_leaf=1, min_samples_split=2,
                           min_weight_fraction_leaf=0.0, n_estimators=100,
                           n_iter_no_change=None, presort='deprecated',
                           random_state=1440, subsample=1.0, tol=0.0001,
                           validation_fraction=0.1, verbose=0,
                           warm_start=False), probability_threshold=None, encoded_labels=False, drift_report=False, raw_score=False, round=4, verbose=True, ml_usecase=MLUsecase.CLASSIFICATION, display=None)
2022-01-15 13:20:02,249:INFO:Checking exceptions
2022-01-15 13:20:02,250:INFO:Preloading libraries
2022-01-15 13:20:02,250:INFO:Preparing display monitor
2022-01-15 13:20:03,164:INFO:Initializing finalize_model()
2022-01-15 13:20:03,164:INFO:finalize_model(estimator=GradientBoostingClassifier(ccp_alpha=0.0, criterion='friedman_mse', init=None,
                           learning_rate=0.1, loss='deviance', max_depth=3,
                           max_features=None, max_leaf_nodes=None,
                           min_impurity_decrease=0.0, min_impurity_split=None,
                           min_samples_leaf=1, min_samples_split=2,
                           min_weight_fraction_leaf=0.0, n_estimators=100,
                           n_iter_no_change=None, presort='deprecated',
                           random_state=1440, subsample=1.0, tol=0.0001,
                           validation_fraction=0.1, verbose=0,
                           warm_start=False), fit_kwargs=None, groups=None, model_only=True, display=None)
2022-01-15 13:20:03,167:INFO:Finalizing GradientBoostingClassifier(ccp_alpha=0.0, criterion='friedman_mse', init=None,
                           learning_rate=0.1, loss='deviance', max_depth=3,
                           max_features=None, max_leaf_nodes=None,
                           min_impurity_decrease=0.0, min_impurity_split=None,
                           min_samples_leaf=1, min_samples_split=2,
                           min_weight_fraction_leaf=0.0, n_estimators=100,
                           n_iter_no_change=None, presort='deprecated',
                           random_state=1440, subsample=1.0, tol=0.0001,
                           validation_fraction=0.1, verbose=0,
                           warm_start=False)
2022-01-15 13:20:03,170:INFO:Initializing create_model()
2022-01-15 13:20:03,171:INFO:create_model(estimator=GradientBoostingClassifier(ccp_alpha=0.0, criterion='friedman_mse', init=None,
                           learning_rate=0.1, loss='deviance', max_depth=3,
                           max_features=None, max_leaf_nodes=None,
                           min_impurity_decrease=0.0, min_impurity_split=None,
                           min_samples_leaf=1, min_samples_split=2,
                           min_weight_fraction_leaf=0.0, n_estimators=100,
                           n_iter_no_change=None, presort='deprecated',
                           random_state=1440, subsample=1.0, tol=0.0001,
                           validation_fraction=0.1, verbose=0,
                           warm_start=False), fold=None, round=4, cross_validation=True, predict=True, fit_kwargs={}, groups=None, refit=True, verbose=False, system=False, metrics=None, add_to_model_list=False, probability_threshold=None, display=None, kwargs={})
2022-01-15 13:20:03,171:INFO:Checking exceptions
2022-01-15 13:20:03,171:INFO:Importing libraries
2022-01-15 13:20:03,172:INFO:Copying training dataset
2022-01-15 13:20:03,175:INFO:Defining folds
2022-01-15 13:20:03,176:INFO:Declaring metric variables
2022-01-15 13:20:03,176:INFO:Importing untrained model
2022-01-15 13:20:03,177:INFO:Declaring custom model
2022-01-15 13:20:03,181:INFO:Gradient Boosting Classifier Imported succesfully
2022-01-15 13:20:03,181:INFO:Starting cross validation
2022-01-15 13:20:03,184:INFO:Cross validating with StratifiedKFold(n_splits=10, random_state=None, shuffle=False), n_jobs=-1
2022-01-15 13:20:24,567:INFO:Calculating mean and std
2022-01-15 13:20:24,569:INFO:Creating metrics dataframe
2022-01-15 13:20:24,580:INFO:Finalizing model
2022-01-15 13:20:30,776:INFO:create_model_container: 18
2022-01-15 13:20:30,777:INFO:master_model_container: 18
2022-01-15 13:20:30,777:INFO:display_container: 5
2022-01-15 13:20:30,779:INFO:GradientBoostingClassifier(ccp_alpha=0.0, criterion='friedman_mse', init=None,
                           learning_rate=0.1, loss='deviance', max_depth=3,
                           max_features=None, max_leaf_nodes=None,
                           min_impurity_decrease=0.0, min_impurity_split=None,
                           min_samples_leaf=1, min_samples_split=2,
                           min_weight_fraction_leaf=0.0, n_estimators=100,
                           n_iter_no_change=None, presort='deprecated',
                           random_state=1440, subsample=1.0, tol=0.0001,
                           validation_fraction=0.1, verbose=0,
                           warm_start=False)
2022-01-15 13:20:30,780:INFO:create_model() succesfully completed......................................
2022-01-15 13:20:31,123:INFO:create_model_container: 18
2022-01-15 13:20:31,123:INFO:master_model_container: 18
2022-01-15 13:20:31,124:INFO:display_container: 4
2022-01-15 13:20:31,127:INFO:GradientBoostingClassifier(ccp_alpha=0.0, criterion='friedman_mse', init=None,
                           learning_rate=0.1, loss='deviance', max_depth=3,
                           max_features=None, max_leaf_nodes=None,
                           min_impurity_decrease=0.0, min_impurity_split=None,
                           min_samples_leaf=1, min_samples_split=2,
                           min_weight_fraction_leaf=0.0, n_estimators=100,
                           n_iter_no_change=None, presort='deprecated',
                           random_state=1440, subsample=1.0, tol=0.0001,
                           validation_fraction=0.1, verbose=0,
                           warm_start=False)
2022-01-15 13:20:31,128:INFO:finalize_model() succesfully completed......................................
2022-01-15 13:20:31,514:INFO:Initializing save_model()
2022-01-15 13:20:31,515:INFO:save_model(model=GradientBoostingClassifier(ccp_alpha=0.0, criterion='friedman_mse', init=None,
                           learning_rate=0.1, loss='deviance', max_depth=3,
                           max_features=None, max_leaf_nodes=None,
                           min_impurity_decrease=0.0, min_impurity_split=None,
                           min_samples_leaf=1, min_samples_split=2,
                           min_weight_fraction_leaf=0.0, n_estimators=100,
                           n_iter_no_change=None, presort='deprecated',
                           random_state=1440, subsample=1.0, tol=0.0001,
                           validation_fraction=0.1, verbose=0,
                           warm_start=False), model_name=model, prep_pipe_=Pipeline(memory=None,
         steps=[('dtypes',
                 DataTypes_Auto_infer(categorical_features=[],
                                      display_types=True, features_todrop=[],
                                      id_columns=[],
                                      ml_usecase='classification',
                                      numerical_features=['yearsAtCompany'],
                                      target='turnover', time_features=[])),
                ('imputer',
                 Simple_Imputer(categorical_strategy='not_available',
                                fill_value_categorical=None,
                                fill_value_numerical=...
                ('P_transform', 'passthrough'), ('binn', 'passthrough'),
                ('rem_outliers', 'passthrough'), ('cluster_all', 'passthrough'),
                ('dummy', Dummify(target='turnover')),
                ('fix_perfect', Remove_100(target='turnover')),
                ('clean_names', Clean_Colum_Names()),
                ('feature_select', 'passthrough'), ('fix_multi', 'passthrough'),
                ('dfs', 'passthrough'), ('pca', 'passthrough')],
         verbose=False), verbose=True, kwargs={})
2022-01-15 13:20:31,515:INFO:Adding model into prep_pipe
2022-01-15 13:20:31,609:INFO:model.pkl saved in current working directory
2022-01-15 13:20:31,645:INFO:Pipeline(memory=None,
         steps=[('dtypes',
                 DataTypes_Auto_infer(categorical_features=[],
                                      display_types=True, features_todrop=[],
                                      id_columns=[],
                                      ml_usecase='classification',
                                      numerical_features=['yearsAtCompany'],
                                      target='turnover', time_features=[])),
                ('imputer',
                 Simple_Imputer(categorical_strategy='not_available',
                                fill_value_categorical=None,
                                fill_value_numerical=...
                                            learning_rate=0.1, loss='deviance',
                                            max_depth=3, max_features=None,
                                            max_leaf_nodes=None,
                                            min_impurity_decrease=0.0,
                                            min_impurity_split=None,
                                            min_samples_leaf=1,
                                            min_samples_split=2,
                                            min_weight_fraction_leaf=0.0,
                                            n_estimators=100,
                                            n_iter_no_change=None,
                                            presort='deprecated',
                                            random_state=1440, subsample=1.0,
                                            tol=0.0001, validation_fraction=0.1,
                                            verbose=0, warm_start=False)]],
         verbose=False)
2022-01-15 13:20:31,645:INFO:save_model() successfully completed......................................
